This is pdfTeX, Version 3.141592653-2.6-1.40.27 (TeX Live 2025) (preloaded format=pdflatex 2026.1.29)  29 JAN 2026 12:31
entering extended mode
 restricted \write18 enabled.
 %&-line parsing enabled.
**main.tex
(./main.tex
LaTeX2e <2024-11-01> patch level 2
L3 programming layer <2025-01-18>
(/usr/local/texlive/2025/texmf-dist/tex/latex/base/report.cls
Document Class: report 2024/06/29 v1.4n Standard LaTeX document class
(/usr/local/texlive/2025/texmf-dist/tex/latex/base/size11.clo
File: size11.clo 2024/06/29 v1.4n Standard LaTeX file (size option)
)
\c@part=\count196
\c@chapter=\count197
\c@section=\count198
\c@subsection=\count199
\c@subsubsection=\count266
\c@paragraph=\count267
\c@subparagraph=\count268
\c@figure=\count269
\c@table=\count270
\abovecaptionskip=\skip49
\belowcaptionskip=\skip50
\bibindent=\dimen141
)
(./config/packages.tex
(/usr/local/texlive/2025/texmf-dist/tex/latex/base/inputenc.sty
Package: inputenc 2024/02/08 v1.3d Input encoding file
\inpenc@prehook=\toks17
\inpenc@posthook=\toks18
)
(/usr/local/texlive/2025/texmf-dist/tex/latex/base/fontenc.sty
Package: fontenc 2021/04/29 v2.0v Standard LaTeX package
)
(/usr/local/texlive/2025/texmf-dist/tex/generic/babel/babel.sty
Package: babel 2025/02/14 v25.4 The multilingual framework for pdfLaTeX, LuaLaT
eX and XeLaTeX
\babel@savecnt=\count271
\U@D=\dimen142
\l@unhyphenated=\language90

(/usr/local/texlive/2025/texmf-dist/tex/generic/babel/txtbabel.def)
\bbl@readstream=\read2
\bbl@dirlevel=\count272

(/usr/local/texlive/2025/texmf-dist/tex/generic/babel-italian/italian.ldf
Language: italian 2024/10/10 v.1.5.01 Italian support for the babel system
\it@lettering=\count273
\it@doublequoteactive=\count274
\it@ISOcompliance=\count275
))
(/usr/local/texlive/2025/texmf-dist/tex/generic/babel/locale/it/babel-italian.t
ex
Package babel Info: Importing font and identification data for italian
(babel)             from babel-it.ini. Reported on input line 11.
) (/usr/local/texlive/2025/texmf-dist/tex/latex/etoolbox/etoolbox.sty
Package: etoolbox 2025/02/11 v2.5l e-TeX tools for LaTeX (JAW)
\etb@tempcnta=\count276
)
(/usr/local/texlive/2025/texmf-dist/tex/latex/geometry/geometry.sty
Package: geometry 2020/01/02 v5.9 Page Geometry

(/usr/local/texlive/2025/texmf-dist/tex/latex/graphics/keyval.sty
Package: keyval 2022/05/29 v1.15 key=value parser (DPC)
\KV@toks@=\toks19
)
(/usr/local/texlive/2025/texmf-dist/tex/generic/iftex/ifvtex.sty
Package: ifvtex 2019/10/25 v1.7 ifvtex legacy package. Use iftex instead.

(/usr/local/texlive/2025/texmf-dist/tex/generic/iftex/iftex.sty
Package: iftex 2024/12/12 v1.0g TeX engine tests
))
\Gm@cnth=\count277
\Gm@cntv=\count278
\c@Gm@tempcnt=\count279
\Gm@bindingoffset=\dimen143
\Gm@wd@mp=\dimen144
\Gm@odd@mp=\dimen145
\Gm@even@mp=\dimen146
\Gm@layoutwidth=\dimen147
\Gm@layoutheight=\dimen148
\Gm@layouthoffset=\dimen149
\Gm@layoutvoffset=\dimen150
\Gm@dimlist=\toks20
)
(/usr/local/texlive/2025/texmf-dist/tex/latex/microtype/microtype.sty
Package: microtype 2025/02/11 v3.2a Micro-typographical refinements (RS)
\MT@toks=\toks21
\MT@tempbox=\box52
\MT@count=\count280
LaTeX Info: Redefining \noprotrusionifhmode on input line 1087.
LaTeX Info: Redefining \leftprotrusion on input line 1088.
\MT@prot@toks=\toks22
LaTeX Info: Redefining \rightprotrusion on input line 1107.
LaTeX Info: Redefining \textls on input line 1449.
\MT@outer@kern=\dimen151
LaTeX Info: Redefining \microtypecontext on input line 2053.
LaTeX Info: Redefining \textmicrotypecontext on input line 2070.
\MT@listname@count=\count281

(/usr/local/texlive/2025/texmf-dist/tex/latex/microtype/microtype-pdftex.def
File: microtype-pdftex.def 2025/02/11 v3.2a Definitions specific to pdftex (RS)

LaTeX Info: Redefining \lsstyle on input line 944.
LaTeX Info: Redefining \lslig on input line 944.
\MT@outer@space=\skip51
)
Package microtype Info: Loading configuration file microtype.cfg.

(/usr/local/texlive/2025/texmf-dist/tex/latex/microtype/microtype.cfg
File: microtype.cfg 2025/02/11 v3.2a microtype main configuration file (RS)
)
LaTeX Info: Redefining \microtypesetup on input line 3065.
)
(/usr/local/texlive/2025/texmf-dist/tex/latex/parskip/parskip.sty
Package: parskip 2021-03-14 v2.0h non-zero parskip adjustments

(/usr/local/texlive/2025/texmf-dist/tex/latex/kvoptions/kvoptions.sty
Package: kvoptions 2022-06-15 v3.15 Key value format for package options (HO)

(/usr/local/texlive/2025/texmf-dist/tex/generic/ltxcmds/ltxcmds.sty
Package: ltxcmds 2023-12-04 v1.26 LaTeX kernel commands for general use (HO)
)
(/usr/local/texlive/2025/texmf-dist/tex/latex/kvsetkeys/kvsetkeys.sty
Package: kvsetkeys 2022-10-05 v1.19 Key value parser (HO)
)))
(/usr/local/texlive/2025/texmf-dist/tex/latex/graphics/graphicx.sty
Package: graphicx 2021/09/16 v1.2d Enhanced LaTeX Graphics (DPC,SPQR)

(/usr/local/texlive/2025/texmf-dist/tex/latex/graphics/graphics.sty
Package: graphics 2024/08/06 v1.4g Standard LaTeX Graphics (DPC,SPQR)

(/usr/local/texlive/2025/texmf-dist/tex/latex/graphics/trig.sty
Package: trig 2023/12/02 v1.11 sin cos tan (DPC)
)
(/usr/local/texlive/2025/texmf-dist/tex/latex/graphics-cfg/graphics.cfg
File: graphics.cfg 2016/06/04 v1.11 sample graphics configuration
)
Package graphics Info: Driver file: pdftex.def on input line 106.

(/usr/local/texlive/2025/texmf-dist/tex/latex/graphics-def/pdftex.def
File: pdftex.def 2024/04/13 v1.2c Graphics/color driver for pdftex
))
\Gin@req@height=\dimen152
\Gin@req@width=\dimen153
)
(/usr/local/texlive/2025/texmf-dist/tex/latex/svg/svg.sty
Package: svg 2020/11/26 v2.02k (include SVG pictures)

(/usr/local/texlive/2025/texmf-dist/tex/latex/koma-script/scrbase.sty
Package: scrbase 2024/10/24 v3.43 KOMA-Script package (KOMA-Script-independent 
basics and keyval usage)

(/usr/local/texlive/2025/texmf-dist/tex/latex/koma-script/scrlfile.sty
Package: scrlfile 2024/10/24 v3.43 KOMA-Script package (file load hooks)

(/usr/local/texlive/2025/texmf-dist/tex/latex/koma-script/scrlfile-hook.sty
Package: scrlfile-hook 2024/10/24 v3.43 KOMA-Script package (using LaTeX hooks)


(/usr/local/texlive/2025/texmf-dist/tex/latex/koma-script/scrlogo.sty
Package: scrlogo 2024/10/24 v3.43 KOMA-Script package (logo)
)))
Applying: [2021/05/01] Usage of raw or classic option list on input line 254.
Already applied: [0000/00/00] Usage of raw or classic option list on input line
 370.
)
(/usr/local/texlive/2025/texmf-dist/tex/generic/pdftexcmds/pdftexcmds.sty
Package: pdftexcmds 2020-06-27 v0.33 Utility functions of pdfTeX for LuaTeX (HO
)

(/usr/local/texlive/2025/texmf-dist/tex/generic/infwarerr/infwarerr.sty
Package: infwarerr 2019/12/03 v1.5 Providing info/warning/error messages (HO)
)
Package pdftexcmds Info: \pdf@primitive is available.
Package pdftexcmds Info: \pdf@ifprimitive is available.
Package pdftexcmds Info: \pdfdraftmode found.
)
(/usr/local/texlive/2025/texmf-dist/tex/latex/trimspaces/trimspaces.sty
Package: trimspaces 2009/09/17 v1.1 Trim spaces around a token list
)
(/usr/local/texlive/2025/texmf-dist/tex/latex/tools/shellesc.sty
Package: shellesc 2023/07/08 v1.0d unified shell escape interface for LaTeX
Package shellesc Info: Restricted shell escape enabled on input line 77.
)
\c@svg@param@lastpage=\count282
\svg@box=\box53
\c@svg@param@currpage=\count283
)
(/usr/local/texlive/2025/texmf-dist/tex/latex/xcolor/xcolor.sty
Package: xcolor 2024/09/29 v3.02 LaTeX color extensions (UK)

(/usr/local/texlive/2025/texmf-dist/tex/latex/graphics-cfg/color.cfg
File: color.cfg 2016/01/02 v1.6 sample color configuration
)
Package xcolor Info: Driver file: pdftex.def on input line 274.

(/usr/local/texlive/2025/texmf-dist/tex/latex/graphics/mathcolor.ltx)
Package xcolor Info: Model `cmy' substituted by `cmy0' on input line 1349.
Package xcolor Info: Model `hsb' substituted by `rgb' on input line 1353.
Package xcolor Info: Model `RGB' extended on input line 1365.
Package xcolor Info: Model `HTML' substituted by `rgb' on input line 1367.
Package xcolor Info: Model `Hsb' substituted by `hsb' on input line 1368.
Package xcolor Info: Model `tHsb' substituted by `hsb' on input line 1369.
Package xcolor Info: Model `HSB' substituted by `hsb' on input line 1370.
Package xcolor Info: Model `Gray' substituted by `gray' on input line 1371.
Package xcolor Info: Model `wave' substituted by `hsb' on input line 1372.
)
(/usr/local/texlive/2025/texmf-dist/tex/latex/transparent/transparent.sty
Package: transparent 2022-10-27 v1.5 Transparency with color stacks

(/usr/local/texlive/2025/texmf-dist/tex/latex/transparent/transparent-nometadat
a.sty
Package: transparent-nometadata 2022-10-27 v1.5 Transparency via pdfTeX's color
 stack (HO)
 (/usr/local/texlive/2025/texmf-dist/tex/latex/auxhook/auxhook.sty
Package: auxhook 2019-12-17 v1.6 Hooks for auxiliary files (HO)
)))
(/usr/local/texlive/2025/texmf-dist/tex/latex/pgf/systemlayer/pgfsys.sty
(/usr/local/texlive/2025/texmf-dist/tex/latex/pgf/utilities/pgfrcs.sty
(/usr/local/texlive/2025/texmf-dist/tex/generic/pgf/utilities/pgfutil-common.te
x
\pgfutil@everybye=\toks23
\pgfutil@tempdima=\dimen154
\pgfutil@tempdimb=\dimen155
)
(/usr/local/texlive/2025/texmf-dist/tex/generic/pgf/utilities/pgfutil-latex.def
\pgfutil@abb=\box54
) (/usr/local/texlive/2025/texmf-dist/tex/generic/pgf/utilities/pgfrcs.code.tex
(/usr/local/texlive/2025/texmf-dist/tex/generic/pgf/pgf.revision.tex)
Package: pgfrcs 2023-01-15 v3.1.10 (3.1.10)
))
(/usr/local/texlive/2025/texmf-dist/tex/generic/pgf/systemlayer/pgfsys.code.tex
Package: pgfsys 2023-01-15 v3.1.10 (3.1.10)
(/usr/local/texlive/2025/texmf-dist/tex/generic/pgf/utilities/pgfkeys.code.tex
\pgfkeys@pathtoks=\toks24
\pgfkeys@temptoks=\toks25

(/usr/local/texlive/2025/texmf-dist/tex/generic/pgf/utilities/pgfkeyslibraryfil
tered.code.tex
\pgfkeys@tmptoks=\toks26
))
\pgf@x=\dimen156
\pgf@y=\dimen157
\pgf@xa=\dimen158
\pgf@ya=\dimen159
\pgf@xb=\dimen160
\pgf@yb=\dimen161
\pgf@xc=\dimen162
\pgf@yc=\dimen163
\pgf@xd=\dimen164
\pgf@yd=\dimen165
\w@pgf@writea=\write3
\r@pgf@reada=\read3
\c@pgf@counta=\count284
\c@pgf@countb=\count285
\c@pgf@countc=\count286
\c@pgf@countd=\count287
\t@pgf@toka=\toks27
\t@pgf@tokb=\toks28
\t@pgf@tokc=\toks29
\pgf@sys@id@count=\count288

(/usr/local/texlive/2025/texmf-dist/tex/generic/pgf/systemlayer/pgf.cfg
File: pgf.cfg 2023-01-15 v3.1.10 (3.1.10)
)
Driver file for pgf: pgfsys-pdftex.def

(/usr/local/texlive/2025/texmf-dist/tex/generic/pgf/systemlayer/pgfsys-pdftex.d
ef
File: pgfsys-pdftex.def 2023-01-15 v3.1.10 (3.1.10)

(/usr/local/texlive/2025/texmf-dist/tex/generic/pgf/systemlayer/pgfsys-common-p
df.def
File: pgfsys-common-pdf.def 2023-01-15 v3.1.10 (3.1.10)
)))
(/usr/local/texlive/2025/texmf-dist/tex/generic/pgf/systemlayer/pgfsyssoftpath.
code.tex
File: pgfsyssoftpath.code.tex 2023-01-15 v3.1.10 (3.1.10)
\pgfsyssoftpath@smallbuffer@items=\count289
\pgfsyssoftpath@bigbuffer@items=\count290
)
(/usr/local/texlive/2025/texmf-dist/tex/generic/pgf/systemlayer/pgfsysprotocol.
code.tex
File: pgfsysprotocol.code.tex 2023-01-15 v3.1.10 (3.1.10)
)) (/usr/local/texlive/2025/texmf-dist/tex/latex/float/float.sty
Package: float 2001/11/08 v1.3d Float enhancements (AL)
\c@float@type=\count291
\float@exts=\toks30
\float@box=\box55
\@float@everytoks=\toks31
\@floatcapt=\box56
)
(/usr/local/texlive/2025/texmf-dist/tex/latex/wrapfig/wrapfig.sty
\wrapoverhang=\dimen166
\WF@size=\dimen167
\c@WF@wrappedlines=\count292
\WF@box=\box57
\WF@everypar=\toks32
Package: wrapfig 2003/01/31  v 3.6
)
(/usr/local/texlive/2025/texmf-dist/tex/latex/tools/array.sty
Package: array 2024/10/17 v2.6g Tabular extension package (FMi)
\col@sep=\dimen168
\ar@mcellbox=\box58
\extrarowheight=\dimen169
\NC@list=\toks33
\extratabsurround=\skip52
\backup@length=\skip53
\ar@cellbox=\box59
)
(/usr/local/texlive/2025/texmf-dist/tex/latex/tools/tabularx.sty
Package: tabularx 2023/12/11 v2.12a `tabularx' package (DPC)
\TX@col@width=\dimen170
\TX@old@table=\dimen171
\TX@old@col=\dimen172
\TX@target=\dimen173
\TX@delta=\dimen174
\TX@cols=\count293
\TX@ftn=\toks34
)
(/usr/local/texlive/2025/texmf-dist/tex/latex/tools/longtable.sty
Package: longtable 2024-10-27 v4.22 Multi-page Table package (DPC)
\LTleft=\skip54
\LTright=\skip55
\LTpre=\skip56
\LTpost=\skip57
\LTchunksize=\count294
\LTcapwidth=\dimen175
\LT@head=\box60
\LT@firsthead=\box61
\LT@foot=\box62
\LT@lastfoot=\box63
\LT@gbox=\box64
\LT@cols=\count295
\LT@rows=\count296
\c@LT@tables=\count297
\c@LT@chunks=\count298
\LT@p@ftn=\toks35
)
(/usr/local/texlive/2025/texmf-dist/tex/latex/booktabs/booktabs.sty
Package: booktabs 2020/01/12 v1.61803398 Publication quality tables
\heavyrulewidth=\dimen176
\lightrulewidth=\dimen177
\cmidrulewidth=\dimen178
\belowrulesep=\dimen179
\belowbottomsep=\dimen180
\aboverulesep=\dimen181
\abovetopsep=\dimen182
\cmidrulesep=\dimen183
\cmidrulekern=\dimen184
\defaultaddspace=\dimen185
\@cmidla=\count299
\@cmidlb=\count300
\@aboverulesep=\dimen186
\@belowrulesep=\dimen187
\@thisruleclass=\count301
\@lastruleclass=\count302
\@thisrulewidth=\dimen188
)
(/usr/local/texlive/2025/texmf-dist/tex/latex/multirow/multirow.sty
Package: multirow 2024/11/12 v2.9 Span multiple rows of a table
\multirow@colwidth=\skip58
\multirow@cntb=\count303
\multirow@dima=\skip59
\bigstrutjot=\dimen189
)
(/usr/local/texlive/2025/texmf-dist/tex/latex/colortbl/colortbl.sty
Package: colortbl 2024/07/06 v1.0i Color table columns (DPC)
\everycr=\toks36
\minrowclearance=\skip60
\rownum=\count304
)
(/usr/local/texlive/2025/texmf-dist/tex/latex/listings/listings.sty
\lst@mode=\count305
\lst@gtempboxa=\box65
\lst@token=\toks37
\lst@length=\count306
\lst@currlwidth=\dimen190
\lst@column=\count307
\lst@pos=\count308
\lst@lostspace=\dimen191
\lst@width=\dimen192
\lst@newlines=\count309
\lst@lineno=\count310
\lst@maxwidth=\dimen193

(/usr/local/texlive/2025/texmf-dist/tex/latex/listings/lstpatch.sty
File: lstpatch.sty 2024/09/23 1.10c (Carsten Heinz)
)
(/usr/local/texlive/2025/texmf-dist/tex/latex/listings/lstmisc.sty
File: lstmisc.sty 2024/09/23 1.10c (Carsten Heinz)
\c@lstnumber=\count311
\lst@skipnumbers=\count312
\lst@framebox=\box66
)
(/usr/local/texlive/2025/texmf-dist/tex/latex/listings/listings.cfg
File: listings.cfg 2024/09/23 1.10c listings configuration
))
Package: listings 2024/09/23 1.10c (Carsten Heinz)

(/usr/local/texlive/2025/texmf-dist/tex/latex/fancyhdr/fancyhdr.sty
Package: fancyhdr 2025/02/07 v5.2 Extensive control of page headers and footers

\f@nch@headwidth=\skip61
\f@nch@offset@elh=\skip62
\f@nch@offset@erh=\skip63
\f@nch@offset@olh=\skip64
\f@nch@offset@orh=\skip65
\f@nch@offset@elf=\skip66
\f@nch@offset@erf=\skip67
\f@nch@offset@olf=\skip68
\f@nch@offset@orf=\skip69
\f@nch@height=\skip70
\f@nch@footalignment=\skip71
\f@nch@widthL=\skip72
\f@nch@widthC=\skip73
\f@nch@widthR=\skip74
\@temptokenb=\toks38
)
(/usr/local/texlive/2025/texmf-dist/tex/latex/amsmath/amsmath.sty
Package: amsmath 2024/11/05 v2.17t AMS math features
\@mathmargin=\skip75

For additional information on amsmath, use the `?' option.
(/usr/local/texlive/2025/texmf-dist/tex/latex/amsmath/amstext.sty
Package: amstext 2021/08/26 v2.01 AMS text

(/usr/local/texlive/2025/texmf-dist/tex/latex/amsmath/amsgen.sty
File: amsgen.sty 1999/11/30 v2.0 generic functions
\@emptytoks=\toks39
\ex@=\dimen194
))
(/usr/local/texlive/2025/texmf-dist/tex/latex/amsmath/amsbsy.sty
Package: amsbsy 1999/11/29 v1.2d Bold Symbols
\pmbraise@=\dimen195
)
(/usr/local/texlive/2025/texmf-dist/tex/latex/amsmath/amsopn.sty
Package: amsopn 2022/04/08 v2.04 operator names
)
\inf@bad=\count313
LaTeX Info: Redefining \frac on input line 233.
\uproot@=\count314
\leftroot@=\count315
LaTeX Info: Redefining \overline on input line 398.
LaTeX Info: Redefining \colon on input line 409.
\classnum@=\count316
\DOTSCASE@=\count317
LaTeX Info: Redefining \ldots on input line 495.
LaTeX Info: Redefining \dots on input line 498.
LaTeX Info: Redefining \cdots on input line 619.
\Mathstrutbox@=\box67
\strutbox@=\box68
LaTeX Info: Redefining \big on input line 721.
LaTeX Info: Redefining \Big on input line 722.
LaTeX Info: Redefining \bigg on input line 723.
LaTeX Info: Redefining \Bigg on input line 724.
\big@size=\dimen196
LaTeX Font Info:    Redeclaring font encoding OML on input line 742.
LaTeX Font Info:    Redeclaring font encoding OMS on input line 743.
\macc@depth=\count318
LaTeX Info: Redefining \bmod on input line 904.
LaTeX Info: Redefining \pmod on input line 909.
LaTeX Info: Redefining \smash on input line 939.
LaTeX Info: Redefining \relbar on input line 969.
LaTeX Info: Redefining \Relbar on input line 970.
\c@MaxMatrixCols=\count319
\dotsspace@=\muskip17
\c@parentequation=\count320
\dspbrk@lvl=\count321
\tag@help=\toks40
\row@=\count322
\column@=\count323
\maxfields@=\count324
\andhelp@=\toks41
\eqnshift@=\dimen197
\alignsep@=\dimen198
\tagshift@=\dimen199
\tagwidth@=\dimen256
\totwidth@=\dimen257
\lineht@=\dimen258
\@envbody=\toks42
\multlinegap=\skip76
\multlinetaggap=\skip77
\mathdisplay@stack=\toks43
LaTeX Info: Redefining \[ on input line 2953.
LaTeX Info: Redefining \] on input line 2954.
)
(/usr/local/texlive/2025/texmf-dist/tex/latex/amsfonts/amssymb.sty
Package: amssymb 2013/01/14 v3.01 AMS font symbols

(/usr/local/texlive/2025/texmf-dist/tex/latex/amsfonts/amsfonts.sty
Package: amsfonts 2013/01/14 v3.01 Basic AMSFonts support
\symAMSa=\mathgroup4
\symAMSb=\mathgroup5
LaTeX Font Info:    Redeclaring math symbol \hbar on input line 98.
LaTeX Font Info:    Overwriting math alphabet `\mathfrak' in version `bold'
(Font)                  U/euf/m/n --> U/euf/b/n on input line 106.
))
(/usr/local/texlive/2025/texmf-dist/tex/latex/hyperref/hyperref.sty
Package: hyperref 2024-11-05 v7.01l Hypertext links for LaTeX

(/usr/local/texlive/2025/texmf-dist/tex/generic/kvdefinekeys/kvdefinekeys.sty
Package: kvdefinekeys 2019-12-19 v1.6 Define keys (HO)
)
(/usr/local/texlive/2025/texmf-dist/tex/generic/pdfescape/pdfescape.sty
Package: pdfescape 2019/12/09 v1.15 Implements pdfTeX's escape features (HO)
)
(/usr/local/texlive/2025/texmf-dist/tex/latex/hycolor/hycolor.sty
Package: hycolor 2020-01-27 v1.10 Color options for hyperref/bookmark (HO)
)
(/usr/local/texlive/2025/texmf-dist/tex/latex/hyperref/nameref.sty
Package: nameref 2023-11-26 v2.56 Cross-referencing by name of section

(/usr/local/texlive/2025/texmf-dist/tex/latex/refcount/refcount.sty
Package: refcount 2019/12/15 v3.6 Data extraction from label references (HO)
)
(/usr/local/texlive/2025/texmf-dist/tex/generic/gettitlestring/gettitlestring.s
ty
Package: gettitlestring 2019/12/15 v1.6 Cleanup title references (HO)
)
\c@section@level=\count325
) (/usr/local/texlive/2025/texmf-dist/tex/generic/stringenc/stringenc.sty
Package: stringenc 2019/11/29 v1.12 Convert strings between diff. encodings (HO
)
)
\@linkdim=\dimen259
\Hy@linkcounter=\count326
\Hy@pagecounter=\count327

(/usr/local/texlive/2025/texmf-dist/tex/latex/hyperref/pd1enc.def
File: pd1enc.def 2024-11-05 v7.01l Hyperref: PDFDocEncoding definition (HO)
Now handling font encoding PD1 ...
... no UTF-8 mapping file for font encoding PD1
)
(/usr/local/texlive/2025/texmf-dist/tex/generic/intcalc/intcalc.sty
Package: intcalc 2019/12/15 v1.3 Expandable calculations with integers (HO)
)
\Hy@SavedSpaceFactor=\count328

(/usr/local/texlive/2025/texmf-dist/tex/latex/hyperref/puenc.def
File: puenc.def 2024-11-05 v7.01l Hyperref: PDF Unicode definition (HO)
Now handling font encoding PU ...
... no UTF-8 mapping file for font encoding PU
)
Package hyperref Info: Hyper figures OFF on input line 4157.
Package hyperref Info: Link nesting OFF on input line 4162.
Package hyperref Info: Hyper index ON on input line 4165.
Package hyperref Info: Plain pages OFF on input line 4172.
Package hyperref Info: Backreferencing OFF on input line 4177.
Package hyperref Info: Implicit mode ON; LaTeX internals redefined.
Package hyperref Info: Bookmarks ON on input line 4424.
\c@Hy@tempcnt=\count329

(/usr/local/texlive/2025/texmf-dist/tex/latex/url/url.sty
\Urlmuskip=\muskip18
Package: url 2013/09/16  ver 3.4  Verb mode for urls, etc.
)
LaTeX Info: Redefining \url on input line 4763.
\XeTeXLinkMargin=\dimen260

(/usr/local/texlive/2025/texmf-dist/tex/generic/bitset/bitset.sty
Package: bitset 2019/12/09 v1.3 Handle bit-vector datatype (HO)

(/usr/local/texlive/2025/texmf-dist/tex/generic/bigintcalc/bigintcalc.sty
Package: bigintcalc 2019/12/15 v1.5 Expandable calculations on big integers (HO
)
))
\Fld@menulength=\count330
\Field@Width=\dimen261
\Fld@charsize=\dimen262
Package hyperref Info: Hyper figures OFF on input line 6042.
Package hyperref Info: Link nesting OFF on input line 6047.
Package hyperref Info: Hyper index ON on input line 6050.
Package hyperref Info: backreferencing OFF on input line 6057.
Package hyperref Info: Link coloring OFF on input line 6062.
Package hyperref Info: Link coloring with OCG OFF on input line 6067.
Package hyperref Info: PDF/A mode OFF on input line 6072.

(/usr/local/texlive/2025/texmf-dist/tex/latex/base/atbegshi-ltx.sty
Package: atbegshi-ltx 2021/01/10 v1.0c Emulation of the original atbegshi
package with kernel methods
)
\Hy@abspage=\count331
\c@Item=\count332
\c@Hfootnote=\count333
)
Package hyperref Info: Driver (autodetected): hpdftex.

(/usr/local/texlive/2025/texmf-dist/tex/latex/hyperref/hpdftex.def
File: hpdftex.def 2024-11-05 v7.01l Hyperref driver for pdfTeX

(/usr/local/texlive/2025/texmf-dist/tex/latex/base/atveryend-ltx.sty
Package: atveryend-ltx 2020/08/19 v1.0a Emulation of the original atveryend pac
kage
with kernel methods
)
\Fld@listcount=\count334
\c@bookmark@seq@number=\count335

(/usr/local/texlive/2025/texmf-dist/tex/latex/rerunfilecheck/rerunfilecheck.sty
Package: rerunfilecheck 2022-07-10 v1.10 Rerun checks for auxiliary files (HO)

(/usr/local/texlive/2025/texmf-dist/tex/generic/uniquecounter/uniquecounter.sty
Package: uniquecounter 2019/12/15 v1.4 Provide unlimited unique counter (HO)
)
Package uniquecounter Info: New unique counter `rerunfilecheck' on input line 2
85.
)
\Hy@SectionHShift=\skip78
)
Package hyperref Info: Option `colorlinks' set `true' on input line 61.
 (/usr/local/texlive/2025/texmf-dist/tex/latex/caption/caption.sty
Package: caption 2023/08/05 v3.6o Customizing captions (AR)

(/usr/local/texlive/2025/texmf-dist/tex/latex/caption/caption3.sty
Package: caption3 2023/07/31 v2.4d caption3 kernel (AR)
\caption@tempdima=\dimen263
\captionmargin=\dimen264
\caption@leftmargin=\dimen265
\caption@rightmargin=\dimen266
\caption@width=\dimen267
\caption@indent=\dimen268
\caption@parindent=\dimen269
\caption@hangindent=\dimen270
Package caption Info: Standard document class detected.
)
\c@caption@flags=\count336
\c@continuedfloat=\count337
Package caption Info: float package is loaded.
Package caption Info: hyperref package is loaded.
Package caption Info: listings package is loaded.
Package caption Info: longtable package is loaded.

(/usr/local/texlive/2025/texmf-dist/tex/latex/caption/ltcaption.sty
Package: ltcaption 2021/01/08 v1.4c longtable captions (AR)
)
Package caption Info: wrapfig package is loaded.
)
(/usr/local/texlive/2025/texmf-dist/tex/latex/caption/subcaption.sty
Package: subcaption 2023/07/28 v1.6b Sub-captions (AR)
Package caption Info: New subtype `subfigure' on input line 238.
\c@subfigure=\count338
Package caption Info: New subtype `subtable' on input line 238.
\c@subtable=\count339
)
(/usr/local/texlive/2025/texmf-dist/tex/latex/enumitem/enumitem.sty
Package: enumitem 2025/02/06 v3.11 Customized lists
\labelindent=\skip79
\enit@outerparindent=\dimen271
\enit@toks=\toks44
\enit@inbox=\box69
\enit@count@id=\count340
\enitdp@description=\count341
)
(/usr/local/texlive/2025/texmf-dist/tex/latex/csquotes/csquotes.sty
Package: csquotes 2024-04-04 v5.2o context-sensitive quotations (JAW)
\csq@reset=\count342
\csq@gtype=\count343
\csq@glevel=\count344
\csq@qlevel=\count345
\csq@maxlvl=\count346
\csq@tshold=\count347
\csq@ltx@everypar=\toks45

(/usr/local/texlive/2025/texmf-dist/tex/latex/csquotes/csquotes.def
File: csquotes.def 2024-04-04 v5.2o csquotes generic definitions (JAW)
)
Package csquotes Info: Trying to load configuration file 'csquotes.cfg'...
Package csquotes Info: ... configuration file loaded successfully.

(/usr/local/texlive/2025/texmf-dist/tex/latex/csquotes/csquotes.cfg
File: csquotes.cfg 
)))
(/usr/local/texlive/2025/texmf-dist/tex/latex/titlesec/titlesec.sty
Package: titlesec 2025/01/04 v2.17 Sectioning titles
\ttl@box=\box70
\beforetitleunit=\skip80
\aftertitleunit=\skip81
\ttl@plus=\dimen272
\ttl@minus=\dimen273
\ttl@toksa=\toks46
\titlewidth=\dimen274
\titlewidthlast=\dimen275
\titlewidthfirst=\dimen276
)
(./config/settings.tex)
Package csquotes Info: Checking for multilingual support...
Package csquotes Info: ... found 'babel' package.
Package csquotes Info: Adjusting default style.
Package csquotes Info: Redefining alias 'default' -> 'italian'.

(/usr/local/texlive/2025/texmf-dist/tex/latex/l3backend/l3backend-pdftex.def
File: l3backend-pdftex.def 2024-05-08 L3 backend support: PDF output (pdfTeX)
\l__color_backend_stack_int=\count348
\l__pdf_internal_box=\box71
)
(./main.aux)
\openout1 = `main.aux'.

LaTeX Font Info:    Checking defaults for OML/cmm/m/it on input line 20.
LaTeX Font Info:    ... okay on input line 20.
LaTeX Font Info:    Checking defaults for OMS/cmsy/m/n on input line 20.
LaTeX Font Info:    ... okay on input line 20.
LaTeX Font Info:    Checking defaults for OT1/cmr/m/n on input line 20.
LaTeX Font Info:    ... okay on input line 20.
LaTeX Font Info:    Checking defaults for T1/cmr/m/n on input line 20.
LaTeX Font Info:    ... okay on input line 20.
LaTeX Font Info:    Checking defaults for TS1/cmr/m/n on input line 20.
LaTeX Font Info:    ... okay on input line 20.
LaTeX Font Info:    Checking defaults for OMX/cmex/m/n on input line 20.
LaTeX Font Info:    ... okay on input line 20.
LaTeX Font Info:    Checking defaults for U/cmr/m/n on input line 20.
LaTeX Font Info:    ... okay on input line 20.
LaTeX Font Info:    Checking defaults for PD1/pdf/m/n on input line 20.
LaTeX Font Info:    ... okay on input line 20.
LaTeX Font Info:    Checking defaults for PU/pdf/m/n on input line 20.
LaTeX Font Info:    ... okay on input line 20.
LaTeX Info: Redefining \it@ocap on input line 20.
LaTeX Info: Redefining \it@ccap on input line 20.

*geometry* driver: auto-detecting
*geometry* detected driver: pdftex
*geometry* verbose mode - [ preamble ] result:
* driver: pdftex
* paper: a4paper
* layout: <same size as paper>
* layoutoffset:(h,v)=(0.0pt,0.0pt)
* modes: 
* h-part:(L,W,R)=(71.13188pt, 455.24411pt, 71.13188pt)
* v-part:(T,H,B)=(71.13188pt, 702.78308pt, 71.13188pt)
* \paperwidth=597.50787pt
* \paperheight=845.04684pt
* \textwidth=455.24411pt
* \textheight=702.78308pt
* \oddsidemargin=-1.1381pt
* \evensidemargin=-1.1381pt
* \topmargin=-40.1381pt
* \headheight=14.0pt
* \headsep=25.0pt
* \topskip=11.0pt
* \footskip=30.0pt
* \marginparwidth=50.0pt
* \marginparsep=10.0pt
* \columnsep=10.0pt
* \skip\footins=10.0pt plus 4.0pt minus 2.0pt
* \hoffset=0.0pt
* \voffset=0.0pt
* \mag=1000
* \@twocolumnfalse
* \@twosidefalse
* \@mparswitchfalse
* \@reversemarginfalse
* (1in=72.27pt=25.4mm, 1cm=28.453pt)

LaTeX Info: Redefining \microtypecontext on input line 20.
Package microtype Info: Applying patch `item' on input line 20.
Package microtype Info: Applying patch `toc' on input line 20.
Package microtype Info: Applying patch `eqnum' on input line 20.
Package microtype Info: Applying patch `footnote' on input line 20.
Package microtype Info: Applying patch `verbatim' on input line 20.
LaTeX Info: Redefining \microtypesetup on input line 20.
Package microtype Info: Generating PDF output.
Package microtype Info: Character protrusion enabled (level 2).
Package microtype Info: Using default protrusion set `alltext'.
Package microtype Info: Automatic font expansion enabled (level 2),
(microtype)             stretch: 20, shrink: 20, step: 1, non-selected.
Package microtype Info: Using default expansion set `alltext-nott'.
LaTeX Info: Redefining \showhyphens on input line 20.
Package microtype Info: No adjustment of tracking.
Package microtype Info: No adjustment of interword spacing.
Package microtype Info: No adjustment of character kerning.
(/usr/local/texlive/2025/texmf-dist/tex/latex/microtype/mt-cmr.cfg
File: mt-cmr.cfg 2013/05/19 v2.2 microtype config. file: Computer Modern Roman 
(RS)
)
(/usr/local/texlive/2025/texmf-dist/tex/context/base/mkii/supp-pdf.mkii
[Loading MPS to PDF converter (version 2006.09.02).]
\scratchcounter=\count349
\scratchdimen=\dimen277
\scratchbox=\box72
\nofMPsegments=\count350
\nofMParguments=\count351
\everyMPshowfont=\toks47
\MPscratchCnt=\count352
\MPscratchDim=\dimen278
\MPnumerator=\count353
\makeMPintoPDFobject=\count354
\everyMPtoPDFconversion=\toks48
) (/usr/local/texlive/2025/texmf-dist/tex/latex/epstopdf-pkg/epstopdf-base.sty
Package: epstopdf-base 2020-01-24 v2.11 Base part for package epstopdf
Package epstopdf-base Info: Redefining graphics rule for `.eps' on input line 4
85.

(/usr/local/texlive/2025/texmf-dist/tex/latex/latexconfig/epstopdf-sys.cfg
File: epstopdf-sys.cfg 2010/07/13 v1.3 Configuration of (r)epstopdf for TeX Liv
e
))
\c@lstlisting=\count355
Package hyperref Info: Link coloring ON on input line 20.

(./main.out) (./main.out)
\@outlinefile=\write4
\openout4 = `main.out'.

Package caption Info: Begin \AtBeginDocument code.
Package caption Info: End \AtBeginDocument code.
 (./config/titlepage.tex
LaTeX Font Info:    Trying to load font information for U+msa on input line 29.


(/usr/local/texlive/2025/texmf-dist/tex/latex/amsfonts/umsa.fd
File: umsa.fd 2013/01/14 v3.01 AMS symbols A
)
(/usr/local/texlive/2025/texmf-dist/tex/latex/microtype/mt-msa.cfg
File: mt-msa.cfg 2006/02/04 v1.1 microtype config. file: AMS symbols (a) (RS)
)
LaTeX Font Info:    Trying to load font information for U+msb on input line 29.


(/usr/local/texlive/2025/texmf-dist/tex/latex/amsfonts/umsb.fd
File: umsb.fd 2013/01/14 v3.01 AMS symbols B
)
(/usr/local/texlive/2025/texmf-dist/tex/latex/microtype/mt-msb.cfg
File: mt-msb.cfg 2005/06/01 v1.0 microtype config. file: AMS symbols (b) (RS)
)

[1

{/usr/local/texlive/2025/texmf-var/fonts/map/pdftex/updmap/pdftex.map}{/usr/loc
al/texlive/2025/texmf-dist/fonts/enc/dvips/cm-super/cm-super-t1.enc}])
(./main.toc


pdfTeX warning (ext4): destination with the same identifier (name{page.1}) has 
been already used, duplicate ignored
<to be read again> 
                   \relax 
l.45 ...SON Web Token (JWT)}{15}{subsection.4.3.2}
                                                  % [1

]

[2])
\tf@toc=\write5
\openout5 = `main.toc'.



[3] (./chapters/01_introduzione.tex
Capitolo 1.
Package microtype Info: Loading generic protrusion settings for font family
(microtype)             `cmtt' (encoding: T1).
(microtype)             For optimal results, create family-specific settings.
(microtype)             See the microtype manual for details.
) (./chapters/02_processo.tex

[4

{/usr/local/texlive/2025/texmf-dist/fonts/enc/dvips/cm-super/cm-super-ts1.enc}]

Capitolo 2.
<./svg-inkscape/process-diagram.drawio_svg-raw.pdf, id=696, 663.22781pt x 1596.
71532pt>
File: ./svg-inkscape/process-diagram.drawio_svg-raw.pdf Graphic file (type pdf)

<use ./svg-inkscape/process-diagram.drawio_svg-raw.pdf>
Package pdftex.def Info: ./svg-inkscape/process-diagram.drawio_svg-raw.pdf  use
d on input line 51.
(pdftex.def)             Requested size: 663.2262pt x 1596.71143pt.


[5

]

[6 <./svg-inkscape/process-diagram.drawio_svg-raw.pdf>])
(./chapters/03_requisiti.tex

[7]
Capitolo 3.


[8

]

[9]) (./chapters/04_architettura.tex

[10]
Capitolo 4.


[11

]
<./svg-inkscape/er-diagram.drawio_svg-raw.pdf, id=762, 419.31656pt x 684.25388p
t>
File: ./svg-inkscape/er-diagram.drawio_svg-raw.pdf Graphic file (type pdf)
<use ./svg-inkscape/er-diagram.drawio_svg-raw.pdf>
Package pdftex.def Info: ./svg-inkscape/er-diagram.drawio_svg-raw.pdf  used on 
input line 53.
(pdftex.def)             Requested size: 419.31552pt x 684.2522pt.


[12 <./svg-inkscape/er-diagram.drawio_svg-raw.pdf>]
<./svg-inkscape/databaseclass-diagram.drawio_svg-raw.pdf, id=861, 350.81062pt x
 505.13719pt>
File: ./svg-inkscape/databaseclass-diagram.drawio_svg-raw.pdf Graphic file (typ
e pdf)
<use ./svg-inkscape/databaseclass-diagram.drawio_svg-raw.pdf>
Package pdftex.def Info: ./svg-inkscape/databaseclass-diagram.drawio_svg-raw.pd
f  used on input line 70.
(pdftex.def)             Requested size: 350.80975pt x 505.13596pt.


[13]
Overfull \hbox (34.62524pt too wide) in paragraph at lines 75--76
[]\T1/cmr/bx/n/10.95 (-20) Encapsulation: \T1/cmr/m/n/10.95 (-20) Il dri-ver PD
O è di-chia-ra-to co-me pro-prie-tà pri-va-ta al-l'in-ter-no del \T1/cmtt/m/n/1
0.95 DatabaseService\T1/cmr/m/n/10.95 (-20) ,
 []



[14 <./svg-inkscape/databaseclass-diagram.drawio_svg-raw.pdf>]

[15]
<./svg-inkscape/presenter_class_diagram.drawio_svg-raw.pdf, id=953, 723.45282pt
 x 557.83406pt>
File: ./svg-inkscape/presenter_class_diagram.drawio_svg-raw.pdf Graphic file (t
ype pdf)
<use ./svg-inkscape/presenter_class_diagram.drawio_svg-raw.pdf>
Package pdftex.def Info: ./svg-inkscape/presenter_class_diagram.drawio_svg-raw.
pdf  used on input line 194.
(pdftex.def)             Requested size: 723.45107pt x 557.83269pt.


[16]

[17 <./svg-inkscape/presenter_class_diagram.drawio_svg-raw.pdf>]

[18]) (./chapters/05_contratti.tex

[19]
Capitolo 5.


[20

]

[21]

[22]

[23]

[24]

[25]

[26]

[27] (/usr/local/texlive/2025/texmf-dist/tex/latex/listings/lstlang1.sty
File: lstlang1.sty 2024/09/23 1.10c listings language file
)
(/usr/local/texlive/2025/texmf-dist/tex/latex/listings/lstlang2.sty
File: lstlang2.sty 2024/09/23 1.10c listings language file
)
LaTeX Font Info:    Font shape `T1/cmtt/bx/n' in size <10> not available
(Font)              Font shape `T1/cmtt/m/n' tried instead on input line 573.


[28]

[29]) (./chapters/06_sprintlog.tex

[30]
Capitolo 6.

Overfull \hbox (55.06198pt too wide) in alignment at lines 28--28
[][][][][][] 
 []


Overfull \hbox (43.41763pt too wide) in alignment at lines 54--54
[][][][][][] 
 []

) (./chapters/07_usecases.tex

[31

]
Capitolo 7.
<./svg-inkscape/uc01.drawio_svg-raw.pdf, id=1423, 345.16454pt x 197.23688pt>
File: ./svg-inkscape/uc01.drawio_svg-raw.pdf Graphic file (type pdf)
<use ./svg-inkscape/uc01.drawio_svg-raw.pdf>
Package pdftex.def Info: ./svg-inkscape/uc01.drawio_svg-raw.pdf  used on input 
line 30.
(pdftex.def)             Requested size: 345.16368pt x 197.23637pt.


[32

 <./svg-inkscape/uc01.drawio_svg-raw.pdf>]
<./svg-inkscape/uc01_flowchart.drawio_svg-raw.pdf, id=1460, 304.31581pt x 551.0
5875pt>
File: ./svg-inkscape/uc01_flowchart.drawio_svg-raw.pdf Graphic file (type pdf)
<use ./svg-inkscape/uc01_flowchart.drawio_svg-raw.pdf>
Package pdftex.def Info: ./svg-inkscape/uc01_flowchart.drawio_svg-raw.pdf  used
 on input line 67.
(pdftex.def)             Requested size: 304.31506pt x 551.05739pt.


[33]

[34 <./svg-inkscape/uc01_flowchart.drawio_svg-raw.pdf>]
<./svg-inkscape/uc01_sequence.drawio_svg-raw.pdf, id=1538, 513.41812pt x 460.72
125pt>
File: ./svg-inkscape/uc01_sequence.drawio_svg-raw.pdf Graphic file (type pdf)
<use ./svg-inkscape/uc01_sequence.drawio_svg-raw.pdf>
Package pdftex.def Info: ./svg-inkscape/uc01_sequence.drawio_svg-raw.pdf  used 
on input line 97.
(pdftex.def)             Requested size: 513.41685pt x 460.72012pt.
<./svg-inkscape/auth_class.drawio_svg-raw.pdf, id=1539, 618.81187pt x 348.55219
pt>
File: ./svg-inkscape/auth_class.drawio_svg-raw.pdf Graphic file (type pdf)
<use ./svg-inkscape/auth_class.drawio_svg-raw.pdf>
Package pdftex.def Info: ./svg-inkscape/auth_class.drawio_svg-raw.pdf  used on 
input line 103.
(pdftex.def)             Requested size: 618.81036pt x 348.55132pt.


[35 <./svg-inkscape/uc01_sequence.drawio_svg-raw.pdf>]
<./svg-inkscape/uc01_backend_flowchart.drawio_svg-raw.pdf, id=1630, 444.53578pt
 x 662.85141pt>
File: ./svg-inkscape/uc01_backend_flowchart.drawio_svg-raw.pdf Graphic file (ty
pe pdf)
<use ./svg-inkscape/uc01_backend_flowchart.drawio_svg-raw.pdf>
Package pdftex.def Info: ./svg-inkscape/uc01_backend_flowchart.drawio_svg-raw.p
df  used on input line 109.
(pdftex.def)             Requested size: 444.53468pt x 662.8498pt.


[36 <./svg-inkscape/auth_class.drawio_svg-raw.pdf>]
<./svg-inkscape/uc02.drawio_svg-raw.pdf, id=1679, 339.89484pt x 197.23688pt>
File: ./svg-inkscape/uc02.drawio_svg-raw.pdf Graphic file (type pdf)
<use ./svg-inkscape/uc02.drawio_svg-raw.pdf>
Package pdftex.def Info: ./svg-inkscape/uc02.drawio_svg-raw.pdf  used on input 
line 135.
(pdftex.def)             Requested size: 339.894pt x 197.23637pt.


[37 <./svg-inkscape/uc01_backend_flowchart.drawio_svg-raw.pdf>]
<./svg-inkscape/uc02_flowchart.drawio_svg-raw.pdf, id=1756, 268.18082pt x 468.2
4937pt>
File: ./svg-inkscape/uc02_flowchart.drawio_svg-raw.pdf Graphic file (type pdf)
<use ./svg-inkscape/uc02_flowchart.drawio_svg-raw.pdf>
Package pdftex.def Info: ./svg-inkscape/uc02_flowchart.drawio_svg-raw.pdf  used
 on input line 175.
(pdftex.def)             Requested size: 268.18015pt x 468.24821pt.


[38 <./svg-inkscape/uc02.drawio_svg-raw.pdf>]

[39 <./svg-inkscape/uc02_flowchart.drawio_svg-raw.pdf>]
<./svg-inkscape/uc02_sequence.drawio_svg-raw.pdf, id=1848, 513.41812pt x 460.72
125pt>
File: ./svg-inkscape/uc02_sequence.drawio_svg-raw.pdf Graphic file (type pdf)
<use ./svg-inkscape/uc02_sequence.drawio_svg-raw.pdf>
Package pdftex.def Info: ./svg-inkscape/uc02_sequence.drawio_svg-raw.pdf  used 
on input line 208.
(pdftex.def)             Requested size: 513.41685pt x 460.72012pt.
<./svg-inkscape/uc02_backend_flowchart.drawio_svg-raw.pdf, id=1849, 369.25453pt
 x 632.7389pt>
File: ./svg-inkscape/uc02_backend_flowchart.drawio_svg-raw.pdf Graphic file (ty
pe pdf)
<use ./svg-inkscape/uc02_backend_flowchart.drawio_svg-raw.pdf>
Package pdftex.def Info: ./svg-inkscape/uc02_backend_flowchart.drawio_svg-raw.p
df  used on input line 214.
(pdftex.def)             Requested size: 369.25362pt x 632.73735pt.


[40 <./svg-inkscape/uc02_sequence.drawio_svg-raw.pdf>]
<./svg-inkscape/jwt_lifecycle.drawio_svg-raw.pdf, id=1938, 444.91219pt x 553.69
359pt>
File: ./svg-inkscape/jwt_lifecycle.drawio_svg-raw.pdf Graphic file (type pdf)
<use ./svg-inkscape/jwt_lifecycle.drawio_svg-raw.pdf>
Package pdftex.def Info: ./svg-inkscape/jwt_lifecycle.drawio_svg-raw.pdf  used 
on input line 220.
(pdftex.def)             Requested size: 444.91109pt x 553.69225pt.


[41 <./svg-inkscape/uc02_backend_flowchart.drawio_svg-raw.pdf>]
<./svg-inkscape/uc03.drawio_svg-raw.pdf, id=2015, 360.59718pt x 214.17516pt>
File: ./svg-inkscape/uc03.drawio_svg-raw.pdf Graphic file (type pdf)
<use ./svg-inkscape/uc03.drawio_svg-raw.pdf>
Package pdftex.def Info: ./svg-inkscape/uc03.drawio_svg-raw.pdf  used on input 
line 246.
(pdftex.def)             Requested size: 360.5963pt x 214.17462pt.


[42 <./svg-inkscape/jwt_lifecycle.drawio_svg-raw.pdf>]
<./svg-inkscape/uc03_flowchart.drawio_svg-raw.pdf, id=2158, 377.15906pt x 498.3
6188pt>
File: ./svg-inkscape/uc03_flowchart.drawio_svg-raw.pdf Graphic file (type pdf)
<use ./svg-inkscape/uc03_flowchart.drawio_svg-raw.pdf>
Package pdftex.def Info: ./svg-inkscape/uc03_flowchart.drawio_svg-raw.pdf  used
 on input line 279.
(pdftex.def)             Requested size: 377.15814pt x 498.36066pt.


[43 <./svg-inkscape/uc03.drawio_svg-raw.pdf>]

[44 <./svg-inkscape/uc03_flowchart.drawio_svg-raw.pdf>]
<./svg-inkscape/uc03_sequence.drawio_svg-raw.pdf, id=2270, 523.9575pt x 520.946
24pt>
File: ./svg-inkscape/uc03_sequence.drawio_svg-raw.pdf Graphic file (type pdf)
<use ./svg-inkscape/uc03_sequence.drawio_svg-raw.pdf>
Package pdftex.def Info: ./svg-inkscape/uc03_sequence.drawio_svg-raw.pdf  used 
on input line 311.
(pdftex.def)             Requested size: 523.95622pt x 520.94498pt.
<./svg-inkscape/uc03_backend_flowchart.drawio_svg-raw.pdf, id=2271, 399.74344pt
 x 655.32329pt>
File: ./svg-inkscape/uc03_backend_flowchart.drawio_svg-raw.pdf Graphic file (ty
pe pdf)
<use ./svg-inkscape/uc03_backend_flowchart.drawio_svg-raw.pdf>
Package pdftex.def Info: ./svg-inkscape/uc03_backend_flowchart.drawio_svg-raw.p
df  used on input line 317.
(pdftex.def)             Requested size: 399.74245pt x 655.32169pt.


[45 <./svg-inkscape/uc03_sequence.drawio_svg-raw.pdf>]
<./svg-inkscape/books_class.drawio_svg-raw.pdf, id=2369, 832.61063pt x 378.6646
9pt>
File: ./svg-inkscape/books_class.drawio_svg-raw.pdf Graphic file (type pdf)
<use ./svg-inkscape/books_class.drawio_svg-raw.pdf>
Package pdftex.def Info: ./svg-inkscape/books_class.drawio_svg-raw.pdf  used on
 input line 323.
(pdftex.def)             Requested size: 832.6086pt x 378.66376pt.


[46 <./svg-inkscape/uc03_backend_flowchart.drawio_svg-raw.pdf>]
<./svg-inkscape/uc04.drawio_svg-raw.pdf, id=2461, 338.01282pt x 167.12437pt>
File: ./svg-inkscape/uc04.drawio_svg-raw.pdf Graphic file (type pdf)
<use ./svg-inkscape/uc04.drawio_svg-raw.pdf>
Package pdftex.def Info: ./svg-inkscape/uc04.drawio_svg-raw.pdf  used on input 
line 349.
(pdftex.def)             Requested size: 338.01198pt x 167.12395pt.


[47 <./svg-inkscape/books_class.drawio_svg-raw.pdf> <./svg-inkscape/uc04.drawio
_svg-raw.pdf

pdfTeX warning: pdflatex (file ./svg-inkscape/uc04.drawio_svg-raw.pdf): PDF inc
lusion: multiple pdfs with page group included in a single page
>]
<./svg-inkscape/uc04_flowchart.drawio_svg-raw.pdf, id=2553, 275.67522pt x 536.0
025pt>
File: ./svg-inkscape/uc04_flowchart.drawio_svg-raw.pdf Graphic file (type pdf)
<use ./svg-inkscape/uc04_flowchart.drawio_svg-raw.pdf>
Package pdftex.def Info: ./svg-inkscape/uc04_flowchart.drawio_svg-raw.pdf  used
 on input line 383.
(pdftex.def)             Requested size: 275.67453pt x 536.00119pt.


[48]

[49 <./svg-inkscape/uc04_flowchart.drawio_svg-raw.pdf>]
Underfull \hbox (badness 10000) in paragraph at lines 404--404
[]|\T1/cmr/m/n/10.95 (+20) Errore ``Cam-pi ob-bli-ga-to-ri
 []

<./svg-inkscape/uc04_sequence.drawio_svg-raw.pdf, id=2620, 529.60359pt x 505.89
pt>
File: ./svg-inkscape/uc04_sequence.drawio_svg-raw.pdf Graphic file (type pdf)
<use ./svg-inkscape/uc04_sequence.drawio_svg-raw.pdf>
Package pdftex.def Info: ./svg-inkscape/uc04_sequence.drawio_svg-raw.pdf  used 
on input line 417.
(pdftex.def)             Requested size: 529.6023pt x 505.88875pt.


[50]
<./svg-inkscape/uc04_backend_flowchart.drawio_svg-raw.pdf, id=2626, 610.53094pt
 x 745.66078pt>
File: ./svg-inkscape/uc04_backend_flowchart.drawio_svg-raw.pdf Graphic file (ty
pe pdf)
<use ./svg-inkscape/uc04_backend_flowchart.drawio_svg-raw.pdf>
Package pdftex.def Info: ./svg-inkscape/uc04_backend_flowchart.drawio_svg-raw.p
df  used on input line 423.
(pdftex.def)             Requested size: 610.52945pt x 745.65897pt.


[51 <./svg-inkscape/uc04_sequence.drawio_svg-raw.pdf>]
<./svg-inkscape/image_upload_flow.drawio_svg-raw.pdf, id=2715, 414.79968pt x 68
5.43578pt>
File: ./svg-inkscape/image_upload_flow.drawio_svg-raw.pdf Graphic file (type pd
f)
<use ./svg-inkscape/image_upload_flow.drawio_svg-raw.pdf>
Package pdftex.def Info: ./svg-inkscape/image_upload_flow.drawio_svg-raw.pdf  u
sed on input line 429.
(pdftex.def)             Requested size: 414.79868pt x 685.4341pt.


[52 <./svg-inkscape/uc04_backend_flowchart.drawio_svg-raw.pdf>]
Overfull \hbox (23.59969pt too wide) in paragraph at lines 444--451
 [][] 
 []

<./svg-inkscape/uc05.drawio_svg-raw.pdf, id=2835, 369.63094pt x 222.8325pt>
File: ./svg-inkscape/uc05.drawio_svg-raw.pdf Graphic file (type pdf)
<use ./svg-inkscape/uc05.drawio_svg-raw.pdf>
Package pdftex.def Info: ./svg-inkscape/uc05.drawio_svg-raw.pdf  used on input 
line 455.
(pdftex.def)             Requested size: 369.63002pt x 222.83195pt.


[53 <./svg-inkscape/image_upload_flow.drawio_svg-raw.pdf>]
<./svg-inkscape/uc05_activity.drawio_svg-raw.pdf, id=2937, 275.70894pt x 648.92
438pt>
File: ./svg-inkscape/uc05_activity.drawio_svg-raw.pdf Graphic file (type pdf)
<use ./svg-inkscape/uc05_activity.drawio_svg-raw.pdf>
Package pdftex.def Info: ./svg-inkscape/uc05_activity.drawio_svg-raw.pdf  used 
on input line 492.
(pdftex.def)             Requested size: 275.70825pt x 648.92279pt.


[54 <./svg-inkscape/uc05.drawio_svg-raw.pdf>]

[55 <./svg-inkscape/uc05_activity.drawio_svg-raw.pdf>]
<./svg-inkscape/uc05_sequence.drawio_svg-raw.pdf, id=3059, 607.14328pt x 611.28
375pt>
File: ./svg-inkscape/uc05_sequence.drawio_svg-raw.pdf Graphic file (type pdf)
<use ./svg-inkscape/uc05_sequence.drawio_svg-raw.pdf>
Package pdftex.def Info: ./svg-inkscape/uc05_sequence.drawio_svg-raw.pdf  used 
on input line 526.
(pdftex.def)             Requested size: 607.14178pt x 611.28226pt.
<./svg-inkscape/uc05_backend_flowchart.drawio_svg-raw.pdf, id=3060, 610.53094pt
 x 926.33578pt>
File: ./svg-inkscape/uc05_backend_flowchart.drawio_svg-raw.pdf Graphic file (ty
pe pdf)
<use ./svg-inkscape/uc05_backend_flowchart.drawio_svg-raw.pdf>
Package pdftex.def Info: ./svg-inkscape/uc05_backend_flowchart.drawio_svg-raw.p
df  used on input line 532.
(pdftex.def)             Requested size: 610.52945pt x 926.33353pt.


[56 <./svg-inkscape/uc05_sequence.drawio_svg-raw.pdf>]

[57 <./svg-inkscape/uc05_backend_flowchart.drawio_svg-raw.pdf>]
<./svg-inkscape/uc06_svg-raw.pdf, id=3338, 470.01524pt x 324.46219pt>
File: ./svg-inkscape/uc06_svg-raw.pdf Graphic file (type pdf)
<use ./svg-inkscape/uc06_svg-raw.pdf>
Package pdftex.def Info: ./svg-inkscape/uc06_svg-raw.pdf  used on input line 57
4.
(pdftex.def)             Requested size: 470.0141pt x 324.46138pt.


[58 <./svg-inkscape/uc06_svg-raw.pdf>]
<./svg-inkscape/uc06_sequence_svg-raw.pdf, id=3360, 614.99194pt x 407.27156pt>
File: ./svg-inkscape/uc06_sequence_svg-raw.pdf Graphic file (type pdf)
<use ./svg-inkscape/uc06_sequence_svg-raw.pdf>
Package pdftex.def Info: ./svg-inkscape/uc06_sequence_svg-raw.pdf  used on inpu
t line 643.
(pdftex.def)             Requested size: 614.99043pt x 407.27055pt.


[59]
<./svg-inkscape/uc06_class.drawio_svg-raw.pdf, id=3369, 746.79pt x 423.83344pt>

File: ./svg-inkscape/uc06_class.drawio_svg-raw.pdf Graphic file (type pdf)
<use ./svg-inkscape/uc06_class.drawio_svg-raw.pdf>
Package pdftex.def Info: ./svg-inkscape/uc06_class.drawio_svg-raw.pdf  used on 
input line 649.
(pdftex.def)             Requested size: 746.78816pt x 423.83238pt.
<./svg-inkscape/uc07.drawio_svg-raw.pdf, id=3370, 535.6261pt x 354.19829pt>
File: ./svg-inkscape/uc07.drawio_svg-raw.pdf Graphic file (type pdf)
<use ./svg-inkscape/uc07.drawio_svg-raw.pdf>
Package pdftex.def Info: ./svg-inkscape/uc07.drawio_svg-raw.pdf  used on input 
line 675.
(pdftex.def)             Requested size: 535.62479pt x 354.19742pt.


[60 <./svg-inkscape/uc06_sequence_svg-raw.pdf> <./svg-inkscape/uc06_class.drawi
o_svg-raw.pdf

pdfTeX warning: pdflatex (file ./svg-inkscape/uc06_class.drawio_svg-raw.pdf): P
DF inclusion: multiple pdfs with page group included in a single page
>]
<./svg-inkscape/uc07_flowchart.drawio_svg-raw.pdf, id=3424, 678.28406pt x 700.4
9203pt>
File: ./svg-inkscape/uc07_flowchart.drawio_svg-raw.pdf Graphic file (type pdf)
<use ./svg-inkscape/uc07_flowchart.drawio_svg-raw.pdf>
Package pdftex.def Info: ./svg-inkscape/uc07_flowchart.drawio_svg-raw.pdf  used
 on input line 715.
(pdftex.def)             Requested size: 678.2824pt x 700.49033pt.


[61 <./svg-inkscape/uc07.drawio_svg-raw.pdf>]

[62 <./svg-inkscape/uc07_flowchart.drawio_svg-raw.pdf>]
<./svg-inkscape/uc07_sequence.drawio_svg-raw.pdf, id=3576, 723.45282pt x 542.02
5pt>
File: ./svg-inkscape/uc07_sequence.drawio_svg-raw.pdf Graphic file (type pdf)
<use ./svg-inkscape/uc07_sequence.drawio_svg-raw.pdf>
Package pdftex.def Info: ./svg-inkscape/uc07_sequence.drawio_svg-raw.pdf  used 
on input line 753.
(pdftex.def)             Requested size: 723.45107pt x 542.02367pt.
<./svg-inkscape/uc07_backend_flowchart.drawio_svg-raw.pdf, id=3577, 866.48718pt
 x 813.41391pt>
File: ./svg-inkscape/uc07_backend_flowchart.drawio_svg-raw.pdf Graphic file (ty
pe pdf)
<use ./svg-inkscape/uc07_backend_flowchart.drawio_svg-raw.pdf>
Package pdftex.def Info: ./svg-inkscape/uc07_backend_flowchart.drawio_svg-raw.p
df  used on input line 759.
(pdftex.def)             Requested size: 866.48506pt x 813.41193pt.

Overfull \hbox (68.80376pt too wide) in paragraph at lines 759--760
 [][] 
 []



[63 <./svg-inkscape/uc07_sequence.drawio_svg-raw.pdf>])

[64 <./svg-inkscape/uc07_backend_flowchart.drawio_svg-raw.pdf>] (./main.aux)
 ***********
LaTeX2e <2024-11-01> patch level 2
L3 programming layer <2025-01-18>
 ***********
Package rerunfilecheck Info: File `main.out' has not changed.
(rerunfilecheck)             Checksum: A4C894E3549F0975035756A9E8AC6BBE;18652.
 ) 
Here is how much of TeX's memory you used:
 24667 strings out of 473190
 424502 string characters out of 5715800
 1373735 words of memory out of 5000000
 46644 multiletter control sequences out of 15000+600000
 587151 words of font info for 177 fonts, out of 8000000 for 9000
 1141 hyphenation exceptions out of 8191
 99i,16n,96p,1193b,3990s stack positions out of 10000i,1000n,20000p,200000b,200000s
</usr/local/texlive/2025/texmf-dist/fonts/type1/public/amsfonts/cm/cmsy10.pfb
></usr/local/texlive/2025/texmf-dist/fonts/type1/public/amsfonts/symbols/msam10
.pfb></usr/local/texlive/2025/texmf-dist/fonts/type1/public/cm-super/sfbi1095.p
fb></usr/local/texlive/2025/texmf-dist/fonts/type1/public/cm-super/sfbx1000.pfb
></usr/local/texlive/2025/texmf-dist/fonts/type1/public/cm-super/sfbx1095.pfb><
/usr/local/texlive/2025/texmf-dist/fonts/type1/public/cm-super/sfbx1200.pfb></u
sr/local/texlive/2025/texmf-dist/fonts/type1/public/cm-super/sfbx1440.pfb></usr
/local/texlive/2025/texmf-dist/fonts/type1/public/cm-super/sfbx2074.pfb></usr/l
ocal/texlive/2025/texmf-dist/fonts/type1/public/cm-super/sfbx2488.pfb></usr/loc
al/texlive/2025/texmf-dist/fonts/type1/public/cm-super/sfcc1440.pfb></usr/local
/texlive/2025/texmf-dist/fonts/type1/public/cm-super/sfit1000.pfb></usr/local/t
exlive/2025/texmf-dist/fonts/type1/public/cm-super/sfit1095.pfb></usr/local/tex
live/2025/texmf-dist/fonts/type1/public/cm-super/sfrm0600.pfb></usr/local/texli
ve/2025/texmf-dist/fonts/type1/public/cm-super/sfrm1000.pfb></usr/local/texlive
/2025/texmf-dist/fonts/type1/public/cm-super/sfrm1095.pfb></usr/local/texlive/2
025/texmf-dist/fonts/type1/public/cm-super/sfrm1200.pfb></usr/local/texlive/202
5/texmf-dist/fonts/type1/public/cm-super/sfrm1728.pfb></usr/local/texlive/2025/
texmf-dist/fonts/type1/public/cm-super/sfti1095.pfb></usr/local/texlive/2025/te
xmf-dist/fonts/type1/public/cm-super/sfti1200.pfb></usr/local/texlive/2025/texm
f-dist/fonts/type1/public/cm-super/sftt1000.pfb></usr/local/texlive/2025/texmf-
dist/fonts/type1/public/cm-super/sftt1095.pfb>
Output written on main.pdf (65 pages, 4888638 bytes).
PDF statistics:
 4099 PDF objects out of 4296 (max. 8388607)
 2819 compressed objects within 29 object streams
 707 named destinations out of 1000 (max. 500000)
 52396 words of extra memory for PDF output out of 61914 (max. 10000000)

