\BOOKMARK [0][-]{chapter.1}{\376\377\000I\000n\000t\000r\000o\000d\000u\000z\000i\000o\000n\000e}{}% 1
\BOOKMARK [1][-]{section.1.1}{\376\377\000I\000l\000\040\000T\000e\000a\000m}{chapter.1}% 2
\BOOKMARK [1][-]{section.1.2}{\376\377\000Q\000u\000i\000c\000k\000\040\000S\000t\000a\000r\000t}{chapter.1}% 3
\BOOKMARK [1][-]{section.1.3}{\376\377\000G\000e\000s\000t\000i\000o\000n\000e\000\040\000D\000a\000t\000i\000\040\000e\000\040\000D\000a\000t\000a\000b\000a\000s\000e}{chapter.1}% 4
\BOOKMARK [0][-]{chapter.2}{\376\377\000P\000r\000o\000c\000e\000s\000s\000o\000\040\000d\000i\000\040\000S\000v\000i\000l\000u\000p\000p\000o}{}% 5
\BOOKMARK [1][-]{section.2.1}{\376\377\000M\000e\000t\000o\000d\000o\000l\000o\000g\000i\000a}{chapter.2}% 6
\BOOKMARK [2][-]{subsection.2.1.1}{\376\377\000A\000.\000\040\000S\000p\000r\000i\000n\000t\000\040\000P\000l\000a\000n\000n\000i\000n\000g}{section.2.1}% 7
\BOOKMARK [2][-]{subsection.2.1.2}{\376\377\000B\000.\000\040\000D\000e\000v\000e\000l\000o\000p\000m\000e\000n\000t\000\040\000L\000o\000o\000p}{section.2.1}% 8
\BOOKMARK [2][-]{subsection.2.1.3}{\376\377\000C\000.\000\040\000S\000p\000r\000i\000n\000t\000\040\000R\000e\000v\000i\000e\000w}{section.2.1}% 9
\BOOKMARK [1][-]{section.2.2}{\376\377\000O\000r\000g\000a\000n\000i\000z\000z\000a\000z\000i\000o\000n\000e\000\040\000d\000e\000l\000\040\000T\000e\000a\000m}{chapter.2}% 10
\BOOKMARK [2][-]{subsection.2.2.1}{\376\377\000D\000a\000t\000a\000b\000a\000s\000e}{section.2.2}% 11
\BOOKMARK [2][-]{subsection.2.2.2}{\376\377\000B\000a\000c\000k\000e\000n\000d}{section.2.2}% 12
\BOOKMARK [2][-]{subsection.2.2.3}{\376\377\000F\000r\000o\000n\000t\000e\000n\000d}{section.2.2}% 13
\BOOKMARK [1][-]{section.2.3}{\376\377\000B\000r\000a\000n\000c\000h\000\040\000S\000t\000r\000a\000t\000e\000g\000y}{chapter.2}% 14
\BOOKMARK [2][-]{subsection.2.3.1}{\376\377\000B\000r\000a\000n\000c\000h\000\040\000S\000t\000r\000u\000c\000t\000u\000r\000e}{section.2.3}% 15
\BOOKMARK [2][-]{subsection.2.3.2}{\376\377\000R\000e\000g\000o\000l\000e}{section.2.3}% 16
\BOOKMARK [1][-]{section.2.4}{\376\377\000T\000e\000s\000t\000i\000n\000g}{chapter.2}% 17
\BOOKMARK [0][-]{chapter.3}{\376\377\000A\000n\000a\000l\000i\000s\000i\000\040\000d\000e\000i\000\040\000R\000e\000q\000u\000i\000s\000i\000t\000i}{}% 18
\BOOKMARK [1][-]{section.3.1}{\376\377\000R\000e\000q\000u\000i\000s\000i\000t\000i\000\040\000N\000o\000n\000\040\000F\000u\000n\000z\000i\000o\000n\000a\000l\000i}{chapter.3}% 19
\BOOKMARK [1][-]{section.3.2}{\376\377\000R\000e\000q\000u\000i\000s\000i\000t\000i\000\040\000F\000u\000n\000z\000i\000o\000n\000a\000l\000i}{chapter.3}% 20
\BOOKMARK [1][-]{section.3.3}{\376\377\000A\000t\000t\000o\000r\000i\000\040\000d\000i\000\040\000S\000i\000s\000t\000e\000m\000a\000\040\000P\000r\000i\000n\000c\000i\000p\000a\000l\000i}{chapter.3}% 21
\BOOKMARK [2][-]{subsection.3.3.1}{\376\377\000V\000i\000s\000i\000t\000a\000t\000o\000r\000e}{section.3.3}% 22
\BOOKMARK [2][-]{subsection.3.3.2}{\376\377\000U\000t\000e\000n\000t\000e}{section.3.3}% 23
\BOOKMARK [1][-]{section.3.4}{\376\377\000U\000s\000e\000r\000\040\000S\000t\000o\000r\000i\000e\000s}{chapter.3}% 24
\BOOKMARK [2][-]{subsection.3.4.1}{\376\377\000[\000U\000S\0000\0001\000]\000\040\000R\000e\000g\000i\000s\000t\000r\000a\000z\000i\000o\000n\000e\000\040\000U\000t\000e\000n\000t\000e}{section.3.4}% 25
\BOOKMARK [2][-]{subsection.3.4.2}{\376\377\000[\000U\000S\0000\0002\000]\000\040\000L\000o\000g\000i\000n\000\040\000U\000t\000e\000n\000t\000e}{section.3.4}% 26
\BOOKMARK [2][-]{subsection.3.4.3}{\376\377\000[\000U\000S\0000\0003\000]\000\040\000V\000i\000s\000u\000a\000l\000i\000z\000z\000a\000z\000i\000o\000n\000e}{section.3.4}% 27
\BOOKMARK [2][-]{subsection.3.4.4}{\376\377\000[\000U\000S\0000\0004\000]\000\040\000P\000u\000b\000b\000l\000i\000c\000a\000z\000i\000o\000n\000e\000\040\000A\000n\000n\000u\000n\000c\000i\000o}{section.3.4}% 28
\BOOKMARK [2][-]{subsection.3.4.5}{\376\377\000[\000U\000S\0000\0005\000]\000\040\000A\000c\000q\000u\000i\000s\000t\000o\000\040\000D\000i\000r\000e\000t\000t\000o}{section.3.4}% 29
\BOOKMARK [2][-]{subsection.3.4.6}{\376\377\000[\000U\000S\0000\0006\000]\000\040\000R\000i\000c\000e\000r\000c\000a\000\040\000A\000v\000a\000n\000z\000a\000t\000a}{section.3.4}% 30
\BOOKMARK [2][-]{subsection.3.4.7}{\376\377\000[\000U\000S\0000\0007\000]\000\040\000M\000e\000s\000s\000a\000g\000g\000i\000s\000t\000i\000c\000a\000\040\000t\000r\000a\000\040\000U\000t\000e\000n\000t\000i}{section.3.4}% 31
\BOOKMARK [1][-]{section.3.5}{\376\377\000M\000a\000t\000r\000i\000c\000e\000\040\000d\000i\000\040\000T\000r\000a\000c\000c\000i\000a\000b\000i\000l\000i\000t\000\340}{chapter.3}% 32
\BOOKMARK [0][-]{chapter.4}{\376\377\000A\000r\000c\000h\000i\000t\000e\000t\000t\000u\000r\000a\000\040\000d\000e\000l\000\040\000S\000i\000s\000t\000e\000m\000a}{}% 33
\BOOKMARK [1][-]{section.4.1}{\376\377\000P\000a\000t\000t\000e\000r\000n\000\040\000M\000V\000P}{chapter.4}% 34
\BOOKMARK [2][-]{subsection.4.1.1}{\376\377\000V\000i\000e\000w}{section.4.1}% 35
\BOOKMARK [2][-]{subsection.4.1.2}{\376\377\000P\000r\000e\000s\000e\000n\000t\000e\000r}{section.4.1}% 36
\BOOKMARK [2][-]{subsection.4.1.3}{\376\377\000M\000o\000d\000e\000l}{section.4.1}% 37
\BOOKMARK [1][-]{section.4.2}{\376\377\000S\000c\000h\000e\000m\000a\000\040\000D\000a\000t\000i}{chapter.4}% 38
\BOOKMARK [2][-]{subsection.4.2.1}{\376\377\000M\000o\000d\000e\000l\000l\000o\000\040\000E\000n\000t\000i\000t\000\340\000-\000R\000e\000l\000a\000z\000i\000o\000n\000e}{section.4.2}% 39
\BOOKMARK [2][-]{subsection.4.2.2}{\376\377\000I\000n\000t\000e\000r\000f\000a\000c\000c\000i\000a\000\040\000a\000l\000\040\000D\000a\000t\000a\000b\000a\000s\000e}{section.4.2}% 40
\BOOKMARK [1][-]{section.4.3}{\376\377\000S\000i\000c\000u\000r\000e\000z\000z\000a}{chapter.4}% 41
\BOOKMARK [2][-]{subsection.4.3.1}{\376\377\000H\000a\000s\000h\000i\000n\000g\000\040\000d\000e\000l\000l\000e\000\040\000P\000a\000s\000s\000w\000o\000r\000d}{section.4.3}% 42
\BOOKMARK [2][-]{subsection.4.3.2}{\376\377\000J\000S\000O\000N\000\040\000W\000e\000b\000\040\000T\000o\000k\000e\000n\000\040\000\050\000J\000W\000T\000\051}{section.4.3}% 43
\BOOKMARK [2][-]{subsection.4.3.3}{\376\377\000M\000e\000s\000s\000a\000g\000g\000i\000\040\000d\000i\000\040\000E\000r\000r\000o\000r\000e}{section.4.3}% 44
\BOOKMARK [2][-]{subsection.4.3.4}{\376\377\000V\000a\000l\000i\000d\000a\000z\000i\000o\000n\000e\000\040\000I\000n\000p\000u\000t}{section.4.3}% 45
\BOOKMARK [1][-]{section.4.4}{\376\377\000A\000r\000c\000h\000i\000t\000e\000t\000t\000u\000r\000a\000\040\000F\000r\000o\000n\000t\000e\000n\000d\000\040\000P\000r\000e\000s\000e\000n\000t\000e\000r}{chapter.4}% 46
\BOOKMARK [2][-]{subsection.4.4.1}{\376\377\000A\000p\000i\000S\000e\000r\000v\000i\000c\000e\000\040\000\050\000S\000e\000r\000v\000i\000z\000i\000o\000\040\000S\000t\000a\000t\000i\000c\000o\000\051}{section.4.4}% 47
\BOOKMARK [2][-]{subsection.4.4.2}{\376\377\000A\000u\000t\000h\000P\000r\000e\000s\000e\000n\000t\000e\000r}{section.4.4}% 48
\BOOKMARK [2][-]{subsection.4.4.3}{\376\377\000B\000o\000o\000k\000s\000P\000r\000e\000s\000e\000n\000t\000e\000r}{section.4.4}% 49
\BOOKMARK [2][-]{subsection.4.4.4}{\376\377\000C\000h\000a\000t\000P\000r\000e\000s\000e\000n\000t\000e\000r}{section.4.4}% 50
\BOOKMARK [2][-]{subsection.4.4.5}{\376\377\000U\000s\000e\000r\000\040\000\050\000M\000o\000d\000e\000l\000\051}{section.4.4}% 51
\BOOKMARK [2][-]{subsection.4.4.6}{\376\377\000R\000e\000l\000a\000z\000i\000o\000n\000i}{section.4.4}% 52
\BOOKMARK [0][-]{chapter.5}{\376\377\000C\000o\000n\000t\000r\000a\000t\000t\000i\000\040\000d\000i\000\040\000I\000n\000t\000e\000r\000f\000a\000c\000c\000i\000a}{}% 53
\BOOKMARK [1][-]{section.5.1}{\376\377\000S\000p\000e\000c\000i\000f\000i\000c\000h\000e\000\040\000A\000P\000I}{chapter.5}% 54
\BOOKMARK [2][-]{subsection.5.1.1}{\376\377\000P\000O\000S\000T\000\040\000/\000r\000e\000g\000i\000s\000t\000e\000r}{section.5.1}% 55
\BOOKMARK [2][-]{subsection.5.1.2}{\376\377\000P\000O\000S\000T\000\040\000/\000l\000o\000g\000i\000n}{section.5.1}% 56
\BOOKMARK [2][-]{subsection.5.1.3}{\376\377\000G\000E\000T\000\040\000/\000b\000o\000o\000k\000s}{section.5.1}% 57
\BOOKMARK [2][-]{subsection.5.1.4}{\376\377\000G\000E\000T\000\040\000/\000m\000y\000-\000b\000o\000o\000k\000s}{section.5.1}% 58
\BOOKMARK [2][-]{subsection.5.1.5}{\376\377\000P\000O\000S\000T\000\040\000/\000b\000o\000o\000k\000s}{section.5.1}% 59
\BOOKMARK [2][-]{subsection.5.1.6}{\376\377\000P\000U\000T\000\040\000/\000b\000o\000o\000k\000s}{section.5.1}% 60
\BOOKMARK [2][-]{subsection.5.1.7}{\376\377\000D\000E\000L\000E\000T\000E\000\040\000/\000b\000o\000o\000k\000s}{section.5.1}% 61
\BOOKMARK [2][-]{subsection.5.1.8}{\376\377\000P\000O\000S\000T\000\040\000/\000p\000u\000r\000c\000h\000a\000s\000e}{section.5.1}% 62
\BOOKMARK [2][-]{subsection.5.1.9}{\376\377\000G\000E\000T\000\040\000/\000p\000u\000r\000c\000h\000a\000s\000e\000s}{section.5.1}% 63
\BOOKMARK [2][-]{subsection.5.1.10}{\376\377\000G\000E\000T\000\040\000/\000s\000a\000l\000e\000s}{section.5.1}% 64
\BOOKMARK [2][-]{subsection.5.1.11}{\376\377\000G\000E\000T\000\040\000/\000c\000o\000n\000v\000e\000r\000s\000a\000t\000i\000o\000n\000s}{section.5.1}% 65
\BOOKMARK [2][-]{subsection.5.1.12}{\376\377\000G\000E\000T\000\040\000/\000m\000e\000s\000s\000a\000g\000e\000s\000?\000u\000s\000e\000r\000I\000d\000=\000\173\000i\000d\000\175}{section.5.1}% 66
\BOOKMARK [2][-]{subsection.5.1.13}{\376\377\000P\000O\000S\000T\000\040\000/\000m\000e\000s\000s\000a\000g\000e\000s}{section.5.1}% 67
\BOOKMARK [1][-]{section.5.2}{\376\377\000I\000n\000t\000e\000r\000f\000a\000c\000c\000i\000a\000\040\000D\000a\000t\000a\000b\000a\000s\000e}{chapter.5}% 68
\BOOKMARK [2][-]{subsection.5.2.1}{\376\377\000E\000n\000t\000i\000t\000y\000\040\000C\000l\000a\000s\000s\000e\000s}{section.5.2}% 69
\BOOKMARK [2][-]{subsection.5.2.2}{\376\377\000M\000e\000t\000o\000d\000i\000\040\000G\000e\000s\000t\000i\000o\000n\000e\000\040\000U\000t\000e\000n\000t\000i}{section.5.2}% 70
\BOOKMARK [2][-]{subsection.5.2.3}{\376\377\000M\000e\000t\000o\000d\000i\000\040\000G\000e\000s\000t\000i\000o\000n\000e\000\040\000L\000i\000b\000r\000i}{section.5.2}% 71
\BOOKMARK [2][-]{subsection.5.2.4}{\376\377\000M\000e\000t\000o\000d\000i\000\040\000G\000e\000s\000t\000i\000o\000n\000e\000\040\000T\000r\000a\000n\000s\000a\000z\000i\000o\000n\000i}{section.5.2}% 72
\BOOKMARK [2][-]{subsection.5.2.5}{\376\377\000M\000e\000t\000o\000d\000i\000\040\000G\000e\000s\000t\000i\000o\000n\000e\000\040\000M\000e\000s\000s\000a\000g\000g\000i}{section.5.2}% 73
\BOOKMARK [0][-]{chapter.6}{\376\377\000S\000p\000r\000i\000n\000t\000\040\000L\000o\000g}{}% 74
\BOOKMARK [1][-]{section.6.1}{\376\377\000S\000p\000r\000i\000n\000t\000\040\0001}{chapter.6}% 75
\BOOKMARK [2][-]{subsection.6.1.1}{\376\377\000T\000a\000s\000k}{section.6.1}% 76
\BOOKMARK [1][-]{section.6.2}{\376\377\000S\000p\000r\000i\000n\000t\000\040\0002}{chapter.6}% 77
\BOOKMARK [2][-]{subsection.6.2.1}{\376\377\000T\000a\000s\000k}{section.6.2}% 78
\BOOKMARK [0][-]{chapter.7}{\376\377\000U\000s\000e\000\040\000C\000a\000s\000e\000s}{}% 79
\BOOKMARK [1][-]{section.7.1}{\376\377\000U\000C\0000\0001\000\040\000-\000\040\000R\000e\000g\000i\000s\000t\000r\000a\000z\000i\000o\000n\000e\000\040\000U\000t\000e\000n\000t\000e}{chapter.7}% 80
\BOOKMARK [2][-]{subsection.7.1.1}{\376\377\000P\000a\000n\000o\000r\000a\000m\000i\000c\000a}{section.7.1}% 81
\BOOKMARK [2][-]{subsection.7.1.2}{\376\377\000F\000l\000u\000s\000s\000i\000\040\000d\000i\000\040\000E\000v\000e\000n\000t\000i}{section.7.1}% 82
\BOOKMARK [2][-]{subsection.7.1.3}{\376\377\000A\000c\000t\000i\000v\000i\000t\000y\000\040\000D\000i\000a\000g\000r\000a\000m}{section.7.1}% 83
\BOOKMARK [2][-]{subsection.7.1.4}{\376\377\000C\000r\000i\000t\000e\000r\000i\000\040\000d\000i\000\040\000A\000c\000c\000e\000t\000t\000a\000z\000i\000o\000n\000e\000\040\000e\000\040\000T\000e\000s\000t\000i\000n\000g}{section.7.1}% 84
\BOOKMARK [2][-]{subsection.7.1.5}{\376\377\000S\000p\000e\000c\000i\000f\000i\000c\000h\000e\000\040\000T\000e\000c\000n\000i\000c\000h\000e}{section.7.1}% 85
\BOOKMARK [1][-]{section.7.2}{\376\377\000U\000C\0000\0002\000\040\000-\000\040\000L\000o\000g\000i\000n\000\040\000U\000t\000e\000n\000t\000e}{chapter.7}% 86
\BOOKMARK [2][-]{subsection.7.2.1}{\376\377\000P\000a\000n\000o\000r\000a\000m\000i\000c\000a}{section.7.2}% 87
\BOOKMARK [2][-]{subsection.7.2.2}{\376\377\000F\000l\000u\000s\000s\000i\000\040\000d\000i\000\040\000E\000v\000e\000n\000t\000i}{section.7.2}% 88
\BOOKMARK [2][-]{subsection.7.2.3}{\376\377\000A\000c\000t\000i\000v\000i\000t\000y\000\040\000D\000i\000a\000g\000r\000a\000m}{section.7.2}% 89
\BOOKMARK [2][-]{subsection.7.2.4}{\376\377\000C\000r\000i\000t\000e\000r\000i\000\040\000d\000i\000\040\000A\000c\000c\000e\000t\000t\000a\000z\000i\000o\000n\000e}{section.7.2}% 90
\BOOKMARK [2][-]{subsection.7.2.5}{\376\377\000P\000i\000a\000n\000o\000\040\000d\000i\000\040\000T\000e\000s\000t\000\040\000M\000a\000n\000u\000a\000l\000e}{section.7.2}% 91
\BOOKMARK [2][-]{subsection.7.2.6}{\376\377\000D\000e\000s\000i\000g\000n\000\040\000T\000e\000c\000n\000i\000c\000o}{section.7.2}% 92
\BOOKMARK [1][-]{section.7.3}{\376\377\000U\000C\0000\0003\000\040\000-\000\040\000V\000i\000s\000u\000a\000l\000i\000z\000z\000a\000z\000i\000o\000n\000e\000\040\000L\000i\000s\000t\000a\000\040\000L\000i\000b\000r\000i}{chapter.7}% 93
\BOOKMARK [2][-]{subsection.7.3.1}{\376\377\000P\000a\000n\000o\000r\000a\000m\000i\000c\000a}{section.7.3}% 94
\BOOKMARK [2][-]{subsection.7.3.2}{\376\377\000F\000l\000u\000s\000s\000i\000\040\000d\000i\000\040\000E\000v\000e\000n\000t\000i}{section.7.3}% 95
\BOOKMARK [2][-]{subsection.7.3.3}{\376\377\000A\000c\000t\000i\000v\000i\000t\000y\000\040\000D\000i\000a\000g\000r\000a\000m}{section.7.3}% 96
\BOOKMARK [2][-]{subsection.7.3.4}{\376\377\000C\000r\000i\000t\000e\000r\000i\000\040\000d\000i\000\040\000A\000c\000c\000e\000t\000t\000a\000z\000i\000o\000n\000e}{section.7.3}% 97
\BOOKMARK [2][-]{subsection.7.3.5}{\376\377\000P\000i\000a\000n\000o\000\040\000d\000i\000\040\000T\000e\000s\000t\000\040\000M\000a\000n\000u\000a\000l\000e}{section.7.3}% 98
\BOOKMARK [2][-]{subsection.7.3.6}{\376\377\000D\000e\000s\000i\000g\000n\000\040\000T\000e\000c\000n\000i\000c\000o}{section.7.3}% 99
\BOOKMARK [1][-]{section.7.4}{\376\377\000U\000C\0000\0004\000\040\000-\000\040\000P\000u\000b\000b\000l\000i\000c\000a\000z\000i\000o\000n\000e\000\040\000A\000n\000n\000u\000n\000c\000i\000o}{chapter.7}% 100
\BOOKMARK [2][-]{subsection.7.4.1}{\376\377\000P\000a\000n\000o\000r\000a\000m\000i\000c\000a}{section.7.4}% 101
\BOOKMARK [2][-]{subsection.7.4.2}{\376\377\000F\000l\000u\000s\000s\000i\000\040\000d\000i\000\040\000E\000v\000e\000n\000t\000i}{section.7.4}% 102
\BOOKMARK [2][-]{subsection.7.4.3}{\376\377\000A\000c\000t\000i\000v\000i\000t\000y\000\040\000D\000i\000a\000g\000r\000a\000m}{section.7.4}% 103
\BOOKMARK [2][-]{subsection.7.4.4}{\376\377\000C\000r\000i\000t\000e\000r\000i\000\040\000d\000i\000\040\000A\000c\000c\000e\000t\000t\000a\000z\000i\000o\000n\000e}{section.7.4}% 104
\BOOKMARK [2][-]{subsection.7.4.5}{\376\377\000P\000i\000a\000n\000o\000\040\000d\000i\000\040\000T\000e\000s\000t\000\040\000M\000a\000n\000u\000a\000l\000e}{section.7.4}% 105
\BOOKMARK [2][-]{subsection.7.4.6}{\376\377\000D\000e\000s\000i\000g\000n\000\040\000T\000e\000c\000n\000i\000c\000o}{section.7.4}% 106
\BOOKMARK [1][-]{section.7.5}{\376\377\000U\000C\0000\0005\000\040\000-\000\040\000A\000c\000q\000u\000i\000s\000t\000o\000\040\000D\000i\000r\000e\000t\000t\000o}{chapter.7}% 107
\BOOKMARK [2][-]{subsection.7.5.1}{\376\377\000P\000a\000n\000o\000r\000a\000m\000i\000c\000a}{section.7.5}% 108
\BOOKMARK [2][-]{subsection.7.5.2}{\376\377\000F\000l\000u\000s\000s\000i\000\040\000d\000i\000\040\000E\000v\000e\000n\000t\000i}{section.7.5}% 109
\BOOKMARK [2][-]{subsection.7.5.3}{\376\377\000A\000c\000t\000i\000v\000i\000t\000y\000\040\000D\000i\000a\000g\000r\000a\000m}{section.7.5}% 110
\BOOKMARK [2][-]{subsection.7.5.4}{\376\377\000C\000r\000i\000t\000e\000r\000i\000\040\000d\000i\000\040\000A\000c\000c\000e\000t\000t\000a\000z\000i\000o\000n\000e}{section.7.5}% 111
\BOOKMARK [2][-]{subsection.7.5.5}{\376\377\000P\000i\000a\000n\000o\000\040\000d\000i\000\040\000T\000e\000s\000t\000\040\000M\000a\000n\000u\000a\000l\000e}{section.7.5}% 112
\BOOKMARK [2][-]{subsection.7.5.6}{\376\377\000D\000e\000s\000i\000g\000n\000\040\000T\000e\000c\000n\000i\000c\000o}{section.7.5}% 113
\BOOKMARK [1][-]{section.7.6}{\376\377\000U\000C\0000\0006\000\040\000-\000\040\000R\000i\000c\000e\000r\000c\000a\000\040\000A\000v\000a\000n\000z\000a\000t\000a}{chapter.7}% 114
\BOOKMARK [2][-]{subsection.7.6.1}{\376\377\000P\000a\000n\000o\000r\000a\000m\000i\000c\000a}{section.7.6}% 115
\BOOKMARK [2][-]{subsection.7.6.2}{\376\377\000F\000l\000u\000s\000s\000i\000\040\000d\000i\000\040\000E\000v\000e\000n\000t\000i}{section.7.6}% 116
\BOOKMARK [2][-]{subsection.7.6.3}{\376\377\000C\000r\000i\000t\000e\000r\000i\000\040\000d\000i\000\040\000A\000c\000c\000e\000t\000t\000a\000z\000i\000o\000n\000e}{section.7.6}% 117
\BOOKMARK [2][-]{subsection.7.6.4}{\376\377\000P\000i\000a\000n\000o\000\040\000d\000i\000\040\000T\000e\000s\000t\000\040\000M\000a\000n\000u\000a\000l\000e}{section.7.6}% 118
\BOOKMARK [2][-]{subsection.7.6.5}{\376\377\000D\000e\000s\000i\000g\000n\000\040\000T\000e\000c\000n\000i\000c\000o}{section.7.6}% 119
\BOOKMARK [1][-]{section.7.7}{\376\377\000U\000C\0000\0007\000\040\000-\000\040\000M\000e\000s\000s\000a\000g\000g\000i\000s\000t\000i\000c\000a\000\040\000t\000r\000a\000\040\000U\000t\000e\000n\000t\000i}{chapter.7}% 120
\BOOKMARK [2][-]{subsection.7.7.1}{\376\377\000P\000a\000n\000o\000r\000a\000m\000i\000c\000a}{section.7.7}% 121
\BOOKMARK [2][-]{subsection.7.7.2}{\376\377\000F\000l\000u\000s\000s\000i\000\040\000d\000i\000\040\000E\000v\000e\000n\000t\000i}{section.7.7}% 122
\BOOKMARK [2][-]{subsection.7.7.3}{\376\377\000A\000c\000t\000i\000v\000i\000t\000y\000\040\000D\000i\000a\000g\000r\000a\000m}{section.7.7}% 123
\BOOKMARK [2][-]{subsection.7.7.4}{\376\377\000C\000r\000i\000t\000e\000r\000i\000\040\000d\000i\000\040\000A\000c\000c\000e\000t\000t\000a\000z\000i\000o\000n\000e}{section.7.7}% 124
\BOOKMARK [2][-]{subsection.7.7.5}{\376\377\000P\000i\000a\000n\000o\000\040\000d\000i\000\040\000T\000e\000s\000t\000\040\000M\000a\000n\000u\000a\000l\000e}{section.7.7}% 125
\BOOKMARK [2][-]{subsection.7.7.6}{\376\377\000D\000e\000s\000i\000g\000n\000\040\000T\000e\000c\000n\000i\000c\000o}{section.7.7}% 126
